<?xml version="1.0" encoding="UTF-8"?>
<!-- Generated by org.testng.reporters.JUnitXMLReporter -->
<testsuite ignored="0" hostname="NLPULTP4603899" failures="0" tests="3" name="Test" time="29.6" errors="0" timestamp="2023-09-07T10:08:28 IST">
  <testcase classname="testCases.Parallel" name="parallelTest" time="9.981"/>
  <testcase classname="testCases.Parallel" name="parallelTest" time="9.293"/>
  <testcase classname="testCases.Parallel" name="parallelTest2" time="10.238"/>
</testsuite> <!-- Test -->
