<?xml version="1.0" encoding="UTF-8"?>
<testng-results ignored="0" total="2" passed="2" failed="0" skipped="0">
  <reporter-output>
  </reporter-output>
  <suite started-at="2023-11-18T06:54:19 IST" name="Default suite" finished-at="2023-11-18T06:54:42 IST" duration-ms="23703">
    <groups>
    </groups>
    <test started-at="2023-11-18T06:54:19 IST" name="Default test" finished-at="2023-11-18T06:54:42 IST" duration-ms="23703">
      <class name="testCases.Parallel">
        <test-method signature="parallelTest()[pri:0, instance:testCases.Parallel@25084a1e]" started-at="2023-11-18T06:54:19 IST" name="parallelTest" finished-at="2023-11-18T06:54:30 IST" duration-ms="11657" status="PASS">
          <reporter-output>
          </reporter-output>
        </test-method> <!-- parallelTest -->
        <test-method signature="parallelTest2()[pri:0, instance:testCases.Parallel@25084a1e]" started-at="2023-11-18T06:54:30 IST" name="parallelTest2" finished-at="2023-11-18T06:54:42 IST" duration-ms="12000" status="PASS">
          <reporter-output>
          </reporter-output>
        </test-method> <!-- parallelTest2 -->
      </class> <!-- testCases.Parallel -->
    </test> <!-- Default test -->
  </suite> <!-- Default suite -->
</testng-results>
