<?xml version="1.0" encoding="UTF-8"?>
<testng-results ignored="0" total="2" passed="2" failed="0" skipped="0">
  <reporter-output>
  </reporter-output>
  <suite started-at="2023-11-25T00:08:01 IST" name="Suite" finished-at="2023-11-25T00:08:19 IST" duration-ms="17520">
    <groups>
    </groups>
    <test started-at="2023-11-25T00:08:01 IST" name="Test" finished-at="2023-11-25T00:08:19 IST" duration-ms="17520">
      <class name="testCases.Parallel">
        <test-method signature="parallelTest()[pri:0, instance:testCases.Parallel@25084a1e]" started-at="2023-11-25T00:08:01 IST" name="parallelTest" finished-at="2023-11-25T00:08:10 IST" duration-ms="8568" status="PASS">
          <reporter-output>
          </reporter-output>
        </test-method> <!-- parallelTest -->
        <test-method signature="parallelTest2()[pri:0, instance:testCases.Parallel@25084a1e]" started-at="2023-11-25T00:08:10 IST" name="parallelTest2" finished-at="2023-11-25T00:08:19 IST" duration-ms="8895" status="PASS">
          <reporter-output>
          </reporter-output>
        </test-method> <!-- parallelTest2 -->
      </class> <!-- testCases.Parallel -->
    </test> <!-- Test -->
  </suite> <!-- Suite -->
</testng-results>
